-------------------------------------------------------------------------
      name:  <unnamed>
       log:  C:/GitHub/ideology_specification/code/Log Files/05_Expected_
> AME.log
  log type:  text
 opened on:  30 Aug 2025, 10:12:25

. *USES THE MODEL LEVEL DATA CREATED IN 02_Table_1_2_5_6.DO;
. use "$workd/data/newmodel.dta", clear;

. encode dv, gen(dvv);

. drop if ame==.;
(0 observations deleted)

. *DEFINES "SET" AS THE SET OF VARIABLES USED TO SUMMARIZE SPECIFICATION 
> DECISIONS;
. global set scale stock flow  level_cyear allavailable w1996 w2006 w2016
> ;

. *GETS LINEAR PREDICTION OF THE SET;
. *LINEAR PREDICTION IS USELESS AS IT DOESN'T REALLY TAKE ACCOUNT OF INTE
> RACTIONS;
. regress ame $set [aw=model_brw];
(sum of wgt is 560.2422434389591)

      Source |       SS           df       MS      Number of obs   =     
> 1,253
-------------+----------------------------------   F(8, 1244)      =     
>  3.86
       Model |  1.03166787         8  .128958483   Prob > F        =    0
> .0002
    Residual |  41.6064026     1,244  .033445661   R-squared       =    0
> .0242
-------------+----------------------------------   Adj R-squared   =    0
> .0179
       Total |  42.6380705     1,252  .034055967   Root MSE        =    .
> 18288

-------------------------------------------------------------------------
> -----
         ame | Coefficient  Std. err.      t    P>|t|     [95% conf. inte
> rval]
-------------+-----------------------------------------------------------
> -----
       scale |  -.0145209   .0143024    -1.02   0.310    -.0425804    .01
> 35386
       stock |  -.0342599   .0281946    -1.22   0.225    -.0895741    .02
> 10544
        flow |  -.0346967   .0279189    -1.24   0.214    -.0894701    .02
> 00767
 level_cyear |   .0293463   .0141063     2.08   0.038     .0016715    .05
> 70212
allavailable |  -.0144867    .012632    -1.15   0.252     -.039269    .01
> 02957
       w1996 |  -.0346319   .0136314    -2.54   0.011     -.061375   -.00
> 78889
       w2006 |   .0325202   .0227849     1.43   0.154    -.0121808    .07
> 72212
       w2016 |  -.0488368   .0119133    -4.10   0.000    -.0722092   -.02
> 54644
       _cons |    .061073   .0373058     1.64   0.102    -.0121162    .13
> 42622
-------------------------------------------------------------------------
> -----

. predict pame;
(option xb assumed; fitted values)

. *THE COLLAPSE BY $SET WEIGHTED BY THE REFEREE SCORE MODEL_BRW PRODUCES 
> SIMILAR RESULTS;
. *THE VARIABLE MAME IS THE MEAN AME BY SPECIFICATION;
. *THE VARIABLE MEANSCORE IS THE MEAN REFEREE SCORE FOR EACH OF THE 58 SP
> ECIFICATIONS;
. collapse (mean) mame=ame pame meanscore=model_brw meanpeer=pscore, 
>         by($set);

. *THE VARIABLE SPEC GIVES THE NUMBER OF THE SPECIFICATION, THERE ARE 58;
. generate spec=_n;

. summ mame spec;

    Variable |        Obs        Mean    Std. dev.       Min        Max
-------------+---------------------------------------------------------
        mame |         58   -.0001524    .1076728    -.37979   .4533333
        spec |         58        29.5    16.88688          1         58

. save "$workd/data/junkame.dta", replace;
file /GitHub/ideology_specification/data/junkame.dta saved

. *MERGE MAME WITH THE DATA SET;
. use "$workd/data/newmodel.dta";

. encode dv, gen(dvv);

. global set scale stock flow  level_cyear allavailable w1996 w2006 w2016
> ;

.         sort $set;

. merge $set using "$workd//data/junkame.dta";
(you are using old merge syntax; see [D] merge for new syntax)
variables scale stock flow level_cyear allavailable w1996 w2006 w2016
    do not uniquely identify observations in the master data

. *NOTE THAT MODEL_BRW IS THE WRONG SCORE FOR THE 58 MIXED SPECIFICATION;
. *SO WILL USE MEANSCORE INSTEAD;
. *NOTE DIFFERENCE IN R-SQUARED BETWEEN AME AND LINEAR SET OF SPECIFICATI
> ON PREDICTIONS;
. *AND AME AND FULL INTERACTION MODEL;
. reg ame $set;

      Source |       SS           df       MS      Number of obs   =     
> 1,253
-------------+----------------------------------   F(8, 1244)      =     
>  4.40
       Model |  1.19752787         8  .149690984   Prob > F        =    0
> .0000
    Residual |  42.3590465     1,244   .03405068   R-squared       =    0
> .0275
-------------+----------------------------------   Adj R-squared   =    0
> .0212
       Total |  43.5565743     1,252  .034789596   Root MSE        =    .
> 18453

-------------------------------------------------------------------------
> -----
         ame | Coefficient  Std. err.      t    P>|t|     [95% conf. inte
> rval]
-------------+-----------------------------------------------------------
> -----
       scale |   -.010397   .0145524    -0.71   0.475    -.0389469    .01
> 81529
       stock |  -.0373823   .0299044    -1.25   0.212    -.0960509    .02
> 12863
        flow |  -.0348237   .0296142    -1.18   0.240    -.0929231    .02
> 32756
 level_cyear |   .0367591   .0149243     2.46   0.014     .0074795    .06
> 60387
allavailable |  -.0225861   .0132256    -1.71   0.088     -.048533    .00
> 33608
       w1996 |  -.0420884   .0147094    -2.86   0.004    -.0709464   -.01
> 32304
       w2006 |   .0382246   .0235446     1.62   0.105    -.0079669    .08
> 44161
       w2016 |  -.0499874   .0115562    -4.33   0.000    -.0726592   -.02
> 73155
       _cons |   .0671895   .0390879     1.72   0.086    -.0094959    .14
> 38749
-------------------------------------------------------------------------
> -----

. areg ame, absorb(spec);

Linear regression, absorbing indicators             Number of obs     =  
> 1,253
Absorbed variable: spec                             No. of categories =  
>    58
                                                    F(0, 1195)        =  
>     .
                                                    Prob > F          =  
>     .
                                                    R-squared         = 0
> .1481
                                                    Adj R-squared     = 0
> .1075
                                                    Root MSE          = 0
> .1762

-------------------------------------------------------------------------
> -----
         ame | Coefficient  Std. err.      t    P>|t|     [95% conf. inte
> rval]
-------------+-----------------------------------------------------------
> -----
       _cons |   .0007771    .004978     0.16   0.876    -.0089896    .01
> 05437
-------------------------------------------------------------------------
> -----
F test of absorbed indicators: F(57, 1195) = 3.645            Prob > F = 
> 0.000

. *MEANS OF REGRESSORS USED TO SUMMARIZE SPEFICATIONS BY INDEX;
. *THIS CREATES DESCRIPTIVE TABLE OF DIFFERENT SPECIFICATIONS USED BY DIF
> FERENT BROUPS;
. tabulate index,  sum(scale);

            |          Summary of Scale
      index |        Mean   Std. dev.       Freq.
------------+------------------------------------
          1 |   .10447761    .3070269         134
          2 |   .16911765   .37520081         544
          3 |   .15478261   .36201225         575
------------+------------------------------------
      Total |    .1556265   .36264562       1,253

. tabulate index, sum(stock);

            |          Summary of Stock
      index |        Mean   Std. dev.       Freq.
------------+------------------------------------
          1 |   .58208955   .49506599         134
          2 |   .47058824   .49959359         544
          3 |   .49913043   .50043459         575
------------+------------------------------------
      Total |   .49561053   .50018037       1,253

. tabulate index, sum(flow);

            |           Summary of Flow
      index |        Mean   Std. dev.       Freq.
------------+------------------------------------
          1 |   .41044776   .49376087         134
          2 |   .51286765   .50029444         544
          3 |   .44347826   .49722758         575
------------+------------------------------------
      Total |   .47007183   .49930278       1,253

. tabulate index, sum(level_cyear);

            |       Summary of level_cyear
      index |        Mean   Std. dev.       Freq.
------------+------------------------------------
          1 |   .13432836   .34228434         134
          2 |   .12867647   .33514969         544
          3 |   .18782609    .3909133         575
------------+------------------------------------
      Total |   .15642458   .36340243       1,253

. tabulate index, sum(allavailable);

            |       Summary of allavailable
      index |        Mean   Std. dev.       Freq.
------------+------------------------------------
          1 |   .23880597   .42795377         134
          2 |   .46691176   .49936315         544
          3 |   .24521739   .43059061         575
------------+------------------------------------
      Total |   .34078212   .47416147       1,253

. tabulate index, sum(w1996);

            |          Summary of w1996
      index |        Mean   Std. dev.       Freq.
------------+------------------------------------
          1 |   .91044776   .28661065         134
          2 |   .63970588   .48052755         544
          3 |   .84695652   .36034288         575
------------+------------------------------------
      Total |   .76376696   .42493659       1,253

. tabulate index, sum(w2006);

            |          Summary of w2006
      index |        Mean   Std. dev.       Freq.
------------+------------------------------------
          1 |           1           0         134
          2 |   .95588235   .20554548         544
          3 |   .92347826   .26606254         575
------------+------------------------------------
      Total |   .94573025   .22663967       1,253

. tabulate index, sum(w2016);

            |          Summary of w2016
      index |        Mean   Std. dev.       Freq.
------------+------------------------------------
          1 |   .73134328   .44492424         134
          2 |      .65625   .47539603         544
          3 |   .60173913   .48996597         575
------------+------------------------------------
      Total |   .63926576   .48040528       1,253

. *REGRESSIONS ON PREDICTED AME;
. reg mame proindex     stats_brw topic_brw   t2 t3 i.mdegree  [aw=1/nmod
> el],  cluster(teamid);
(sum of wgt is 71)

Linear regression                               Number of obs     =      
> 1,253
                                                F(13, 70)         =      
>     .
                                                Prob > F          =      
>     .
                                                R-squared         =     0
> .1044
                                                Root MSE          =     .
> 06708

                                (Std. err. adjusted for 71 clusters in te
> amid)
-------------------------------------------------------------------------
> -----
             |               Robust
        mame | Coefficient  std. err.      t    P>|t|     [95% conf. inte
> rval]
-------------+-----------------------------------------------------------
> -----
    proindex |   .0071417   .0043622     1.64   0.106    -.0015583    .01
> 58418
   stats_brw |   .0207268   .0138095     1.50   0.138    -.0068154    .04
> 82689
   topic_brw |   -.017735   .0114158    -1.55   0.125    -.0405031     .0
> 05033
          t2 |   .0183794     .00915     2.01   0.048     .0001304    .03
> 66285
          t3 |   .0051618   .0165936     0.31   0.757    -.0279331    .03
> 82566
             |
     mdegree |
          1  |   .0741924   .0403531     1.84   0.070    -.0062893    .15
> 46742
          2  |  -.0046753   .0141589    -0.33   0.742    -.0329144    .02
> 35639
          3  |  -.0075614   .0146567    -0.52   0.608    -.0367932    .02
> 16703
          4  |  -.0120506   .0101371    -1.19   0.239    -.0322683    .00
> 81671
          5  |   .0336762   .0260657     1.29   0.201    -.0183103    .08
> 56627
          6  |   -.039282    .020212    -1.94   0.056    -.0795936    .00
> 10297
         20  |  -.0103336   .0295501    -0.35   0.728    -.0692694    .04
> 86022
         33  |  -.0014439   .0139046    -0.10   0.918    -.0291757    .02
> 62878
         34  |  -.0016517   .0157784    -0.10   0.917    -.0331207    .02
> 98173
         35  |  -.0362551   .0210535    -1.72   0.089     -.078245    .00
> 57348
         36  |  -.0080813   .0134371    -0.60   0.550    -.0348808    .01
> 87182
         40  |  -.0239589   .0226877    -1.06   0.295    -.0692081    .02
> 12904
             |
       _cons |  -.0380721   .0205317    -1.85   0.068    -.0790212    .00
> 28771
-------------------------------------------------------------------------
> -----

. reg mame p12 p56     stats_brw topic_brw   t2 t3 i.mdegree   [aw=1/nmod
> el],  cluster(teamid);
(sum of wgt is 71)

Linear regression                               Number of obs     =      
> 1,253
                                                F(14, 70)         =      
>     .
                                                Prob > F          =      
>     .
                                                R-squared         =     0
> .1095
                                                Root MSE          =     .
> 06692

                                (Std. err. adjusted for 71 clusters in te
> amid)
-------------------------------------------------------------------------
> -----
             |               Robust
        mame | Coefficient  std. err.      t    P>|t|     [95% conf. inte
> rval]
-------------+-----------------------------------------------------------
> -----
         p12 |  -.0261751   .0192805    -1.36   0.179    -.0646288    .01
> 22786
         p56 |   .0138374   .0144197     0.96   0.341    -.0149218    .04
> 25966
   stats_brw |   .0202475   .0131436     1.54   0.128    -.0059666    .04
> 64617
   topic_brw |  -.0183254   .0109815    -1.67   0.100    -.0402274    .00
> 35765
          t2 |   .0145378    .010295     1.41   0.162     -.005995    .03
> 50705
          t3 |   .0033438   .0155573     0.21   0.830    -.0276844    .03
> 43719
             |
     mdegree |
          1  |   .0820461   .0468225     1.75   0.084    -.0113384    .17
> 54306
          2  |  -.0146605   .0168992    -0.87   0.389    -.0483649    .01
> 90439
          3  |  -.0098372   .0149858    -0.66   0.514    -.0397254     .0
> 20051
          4  |   -.014653    .010344    -1.42   0.161    -.0352835    .00
> 59776
          5  |   .0313873   .0251604     1.25   0.216    -.0187935    .08
> 15682
          6  |  -.0402235   .0189607    -2.12   0.037    -.0780395   -.00
> 24076
         20  |  -.0136753   .0294367    -0.46   0.644     -.072385    .04
> 50345
         33  |  -.0046466   .0129901    -0.36   0.722    -.0305546    .02
> 12613
         34  |  -.0048882   .0164515    -0.30   0.767    -.0376995    .02
> 79232
         35  |  -.0409026   .0200401    -2.04   0.045    -.0808714   -.00
> 09338
         36  |  -.0062189   .0097712    -0.64   0.527     -.025707    .01
> 32692
         40  |  -.0261566   .0219596    -1.19   0.238    -.0699537    .01
> 76404
             |
       _cons |  -.0072947   .0166458    -0.44   0.663    -.0404938    .02
> 59043
-------------------------------------------------------------------------
> -----

. lincom p56-p12;

 ( 1)  - p12 + p56 = 0

-------------------------------------------------------------------------
> -----
        mame | Coefficient  Std. err.      t    P>|t|     [95% conf. inte
> rval]
-------------+-----------------------------------------------------------
> -----
         (1) |   .0400125   .0203218     1.97   0.053     -.000518     .0
> 80543
-------------------------------------------------------------------------
> -----

. reg mame group3     stats_brw topic_brw   t2 t3 i.mdegree   [aw=1/nmode
> l],  cluster(teamid);
(sum of wgt is 71)

Linear regression                               Number of obs     =      
> 1,253
                                                F(13, 70)         =      
>     .
                                                Prob > F          =      
>     .
                                                R-squared         =     0
> .1155
                                                Root MSE          =     .
> 06667

                                (Std. err. adjusted for 71 clusters in te
> amid)
-------------------------------------------------------------------------
> -----
             |               Robust
        mame | Coefficient  std. err.      t    P>|t|     [95% conf. inte
> rval]
-------------+-----------------------------------------------------------
> -----
      group3 |   .0236824   .0103261     2.29   0.025     .0030877    .04
> 42771
   stats_brw |   .0198188   .0128672     1.54   0.128    -.0058441    .04
> 54816
   topic_brw |  -.0171352   .0105668    -1.62   0.109    -.0382101    .00
> 39398
          t2 |   .0272285   .0107085     2.54   0.013      .005871    .04
> 85859
          t3 |    .006578   .0155068     0.42   0.673    -.0243493    .03
> 75053
             |
     mdegree |
          1  |   .0684436   .0428208     1.60   0.114    -.0169597     .1
> 53847
          2  |  -.0004916   .0126716    -0.04   0.969    -.0257644    .02
> 47811
          3  |  -.0101492   .0166414    -0.61   0.544    -.0433395    .02
> 30411
          4  |  -.0135156   .0114403    -1.18   0.241    -.0363325    .00
> 93014
          5  |   .0363944   .0232299     1.57   0.122    -.0099361    .08
> 27249
          6  |  -.0305858   .0191148    -1.60   0.114    -.0687091    .00
> 75375
         20  |  -.0143843   .0329724    -0.44   0.664    -.0801457    .05
> 13772
         33  |   .0015868   .0112115     0.14   0.888     -.020774    .02
> 39475
         34  |  -.0060653   .0148935    -0.41   0.685    -.0357694    .02
> 36388
         35  |  -.0357003   .0129468    -2.76   0.007    -.0615219   -.00
> 98788
         36  |  -.0004176   .0087978    -0.05   0.962    -.0179643    .01
> 71291
         40  |  -.0180305   .0221809    -0.81   0.419     -.062269     .0
> 26208
             |
       _cons |  -.0205562   .0145848    -1.41   0.163    -.0496446    .00
> 85322
-------------------------------------------------------------------------
> -----

. reg mame group1 group3     stats_brw topic_brw   t2 t3 i.mdegree   [aw=
> 1/nmodel],  cluster(teamid);
(sum of wgt is 71)

Linear regression                               Number of obs     =      
> 1,253
                                                F(14, 70)         =      
>     .
                                                Prob > F          =      
>     .
                                                R-squared         =     0
> .1402
                                                Root MSE          =     .
> 06575

                                (Std. err. adjusted for 71 clusters in te
> amid)
-------------------------------------------------------------------------
> -----
             |               Robust
        mame | Coefficient  std. err.      t    P>|t|     [95% conf. inte
> rval]
-------------+-----------------------------------------------------------
> -----
      group1 |  -.0443863   .0241664    -1.84   0.071    -.0925847    .00
> 38121
      group3 |   .0137952   .0078983     1.75   0.085    -.0019574    .02
> 95479
   stats_brw |   .0178412   .0123258     1.45   0.152    -.0067419    .04
> 24243
   topic_brw |  -.0177872   .0105671    -1.68   0.097    -.0388627    .00
> 32882
          t2 |   .0135705   .0113993     1.19   0.238    -.0091647    .03
> 63058
          t3 |   .0009422   .0168748     0.06   0.956    -.0327136     .0
> 34598
             |
     mdegree |
          1  |   .0911085   .0465056     1.96   0.054     -.001644    .18
> 38611
          2  |  -.0167362   .0168719    -0.99   0.325    -.0503861    .01
> 69137
          3  |  -.0068092   .0146878    -0.46   0.644     -.036103    .02
> 24846
          4  |  -.0134945   .0112613    -1.20   0.235    -.0359545    .00
> 89654
          5  |   .0375269   .0257734     1.46   0.150    -.0138765    .08
> 89302
          6  |  -.0364172   .0217967    -1.67   0.099    -.0798894    .00
> 70549
         20  |  -.0128189    .030646    -0.42   0.677    -.0739405    .04
> 83027
         33  |   .0035284   .0127101     0.28   0.782    -.0218211     .0
> 28878
         34  |  -.0106275    .012209    -0.87   0.387    -.0349776    .01
> 37226
         35  |  -.0392768    .016587    -2.37   0.021    -.0723587    -.0
> 06195
         36  |   .0359964   .0242982     1.48   0.143     -.012465    .08
> 44577
         40  |  -.0061325   .0144305    -0.42   0.672    -.0349132    .02
> 26481
             |
       _cons |  -.0053938    .018068    -0.30   0.766    -.0414292    .03
> 06416
-------------------------------------------------------------------------
> -----

. lincom group3-group1;

 ( 1)  - group1 + group3 = 0

-------------------------------------------------------------------------
> -----
        mame | Coefficient  Std. err.      t    P>|t|     [95% conf. inte
> rval]
-------------+-----------------------------------------------------------
> -----
         (1) |   .0581816   .0253187     2.30   0.025      .007685    .10
> 86782
-------------------------------------------------------------------------
> -----

.  reg mame proindex     stats_brw topic_brw   t2 t3 i.mdegree  [aw=meanp
> eer/nmodel],  cluster(teamid);
(sum of wgt is 299.6499427551315)

Linear regression                               Number of obs     =      
> 1,253
                                                F(13, 70)         =      
>     .
                                                Prob > F          =      
>     .
                                                R-squared         =     0
> .1122
                                                Root MSE          =     .
> 06585

                                (Std. err. adjusted for 71 clusters in te
> amid)
-------------------------------------------------------------------------
> -----
             |               Robust
        mame | Coefficient  std. err.      t    P>|t|     [95% conf. inte
> rval]
-------------+-----------------------------------------------------------
> -----
    proindex |   .0080163    .004456     1.80   0.076    -.0008709    .01
> 69035
   stats_brw |   .0223993    .013902     1.61   0.112    -.0053273    .05
> 01259
   topic_brw |  -.0181759   .0113851    -1.60   0.115    -.0408828    .00
> 45311
          t2 |   .0172909   .0091925     1.88   0.064    -.0010429    .03
> 56247
          t3 |   .0015729   .0177605     0.09   0.930    -.0338493    .03
> 69951
             |
     mdegree |
          1  |   .0797535   .0419538     1.90   0.061    -.0039208    .16
> 34277
          2  |  -.0049585   .0142794    -0.35   0.729    -.0334378    .02
> 35207
          3  |  -.0099313   .0165058    -0.60   0.549    -.0428511    .02
> 29884
          4  |  -.0129571   .0109136    -1.19   0.239    -.0347237    .00
> 88094
          5  |   .0337173   .0245149     1.38   0.173    -.0151762    .08
> 26107
          6  |  -.0409757   .0223865    -1.83   0.071    -.0856241    .00
> 36728
         20  |  -.0158752   .0279321    -0.57   0.572     -.071584    .03
> 98335
         33  |  -.0014594   .0128595    -0.11   0.910    -.0271069    .02
> 41881
         34  |    .001589   .0170616     0.09   0.926    -.0324393    .03
> 56173
         35  |  -.0344413   .0198614    -1.73   0.087    -.0740537    .00
> 51711
         36  |  -.0063936   .0123733    -0.52   0.607    -.0310714    .01
> 82841
         40  |  -.0200154   .0232917    -0.86   0.393    -.0664693    .02
> 64385
             |
       _cons |  -.0403814   .0206376    -1.96   0.054    -.0815418    .00
> 07789
-------------------------------------------------------------------------
> -----

. reg mame p12 p56     stats_brw topic_brw   t2 t3 i.mdegree  [aw=meanpee
> r/nmodel],  cluster(teamid);
(sum of wgt is 299.6499427551315)

Linear regression                               Number of obs     =      
> 1,253
                                                F(14, 70)         =      
>     .
                                                Prob > F          =      
>     .
                                                R-squared         =     0
> .1188
                                                Root MSE          =     .
> 06563

                                (Std. err. adjusted for 71 clusters in te
> amid)
-------------------------------------------------------------------------
> -----
             |               Robust
        mame | Coefficient  std. err.      t    P>|t|     [95% conf. inte
> rval]
-------------+-----------------------------------------------------------
> -----
         p12 |  -.0272206   .0202962    -1.34   0.184    -.0677001     .0
> 13259
         p56 |   .0166762   .0146578     1.14   0.259     -.012558    .04
> 59103
   stats_brw |   .0218461   .0132705     1.65   0.104    -.0046211    .04
> 83133
   topic_brw |  -.0186622   .0109828    -1.70   0.094    -.0405668    .00
> 32424
          t2 |   .0133623   .0102586     1.30   0.197    -.0070979    .03
> 38225
          t3 |    .000018   .0167526     0.00   0.999    -.0333939      .
> 03343
             |
     mdegree |
          1  |   .0881052    .048552     1.81   0.074    -.0087288    .18
> 49392
          2  |  -.0143723   .0168725    -0.85   0.397    -.0480235    .01
> 92788
          3  |  -.0121275   .0164873    -0.74   0.464    -.0450104    .02
> 07555
          4  |  -.0152229   .0109819    -1.39   0.170    -.0371256    .00
> 66799
          5  |   .0319308   .0237121     1.35   0.182    -.0153614    .07
> 92231
          6  |  -.0410561   .0206407    -1.99   0.051    -.0822226    .00
> 01105
         20  |  -.0191337   .0280898    -0.68   0.498    -.0751571    .03
> 68897
         33  |  -.0044721   .0120303    -0.37   0.711    -.0284658    .01
> 95216
         34  |   -.001755   .0177294    -0.10   0.921    -.0371152    .03
> 36051
         35  |  -.0390782   .0188793    -2.07   0.042    -.0767319   -.00
> 14246
         36  |  -.0042927   .0095375    -0.45   0.654    -.0233146    .01
> 47292
         40  |  -.0218583   .0231414    -0.94   0.348    -.0680124    .02
> 42958
             |
       _cons |  -.0074822   .0170454    -0.44   0.662    -.0414781    .02
> 65138
-------------------------------------------------------------------------
> -----

. lincom p56-p12;

 ( 1)  - p12 + p56 = 0

-------------------------------------------------------------------------
> -----
        mame | Coefficient  Std. err.      t    P>|t|     [95% conf. inte
> rval]
-------------+-----------------------------------------------------------
> -----
         (1) |   .0438967   .0227346     1.93   0.058    -.0014461    .08
> 92395
-------------------------------------------------------------------------
> -----

. reg mame group3     stats_brw topic_brw   t2 t3 i.mdegree  [aw=meanpeer
> /nmodel],  cluster(teamid);
(sum of wgt is 299.6499427551315)

Linear regression                               Number of obs     =      
> 1,253
                                                F(13, 70)         =      
>     .
                                                Prob > F          =      
>     .
                                                R-squared         =     0
> .1237
                                                Root MSE          =     .
> 06542

                                (Std. err. adjusted for 71 clusters in te
> amid)
-------------------------------------------------------------------------
> -----
             |               Robust
        mame | Coefficient  std. err.      t    P>|t|     [95% conf. inte
> rval]
-------------+-----------------------------------------------------------
> -----
      group3 |   .0251248   .0111216     2.26   0.027     .0029434    .04
> 73062
   stats_brw |   .0214517   .0129708     1.65   0.103    -.0044179    .04
> 73212
   topic_brw |  -.0175682   .0105909    -1.66   0.102    -.0386911    .00
> 35547
          t2 |   .0267472   .0108325     2.47   0.016     .0051426    .04
> 83519
          t3 |   .0032855   .0165563     0.20   0.843     -.029735     .0
> 36306
             |
     mdegree |
          1  |   .0721341   .0430085     1.68   0.098    -.0136437    .15
> 79119
          2  |  -.0016548   .0129714    -0.13   0.899    -.0275254    .02
> 42157
          3  |  -.0131122   .0182575    -0.72   0.475    -.0495256    .02
> 33012
          4  |  -.0150728   .0121499    -1.24   0.219     -.039305    .00
> 91595
          5  |    .034873   .0221119     1.58   0.119    -.0092277    .07
> 89737
          6  |  -.0324103   .0208428    -1.55   0.124    -.0739799    .00
> 91593
         20  |  -.0209255   .0314603    -0.67   0.508    -.0836711    .04
> 18201
         33  |     .00125   .0107514     0.12   0.908     -.020193    .02
> 26929
         34  |  -.0040417   .0153693    -0.26   0.793    -.0346949    .02
> 66114
         35  |  -.0345629   .0118253    -2.92   0.005    -.0581477   -.01
> 09781
         36  |   .0007047     .00863     0.08   0.935    -.0165072    .01
> 79167
         40  |   -.014807   .0232984    -0.64   0.527    -.0612742    .03
> 16601
             |
       _cons |  -.0193658   .0150883    -1.28   0.204    -.0494586    .01
> 07269
-------------------------------------------------------------------------
> -----

. reg mame group1 group3     stats_brw topic_brw   t2 t3 i.mdegree  [aw=m
> eanpeer/nmodel],  cluster(teamid);
(sum of wgt is 299.6499427551315)

Linear regression                               Number of obs     =      
> 1,253
                                                F(14, 70)         =      
>     .
                                                Prob > F          =      
>     .
                                                R-squared         =     0
> .1558
                                                Root MSE          =     .
> 06424

                                (Std. err. adjusted for 71 clusters in te
> amid)
-------------------------------------------------------------------------
> -----
             |               Robust
        mame | Coefficient  std. err.      t    P>|t|     [95% conf. inte
> rval]
-------------+-----------------------------------------------------------
> -----
      group1 |  -.0488941   .0267774    -1.83   0.072    -.1023001    .00
> 45118
      group3 |   .0140583   .0077799     1.81   0.075    -.0014582    .02
> 95748
   stats_brw |   .0192217   .0122353     1.57   0.121    -.0051809    .04
> 36243
   topic_brw |  -.0182751   .0106214    -1.72   0.090    -.0394588    .00
> 29086
          t2 |   .0113113   .0114827     0.99   0.328    -.0115903    .03
> 42129
          t3 |  -.0029541   .0179597    -0.16   0.870    -.0387735    .03
> 28653
             |
     mdegree |
          1  |   .0967506   .0478584     2.02   0.047        .0013    .19
> 22012
          2  |  -.0197481   .0180391    -1.09   0.277    -.0557259    .01
> 62298
          3  |  -.0093649   .0156021    -0.60   0.550    -.0404823    .02
> 17526
          4  |  -.0149588   .0116586    -1.28   0.204     -.038211    .00
> 82935
          5  |   .0368902     .02524     1.46   0.148    -.0134495    .08
> 72298
          6  |  -.0386826   .0237289    -1.63   0.108    -.0860084    .00
> 86433
         20  |  -.0184699   .0285496    -0.65   0.520    -.0754103    .03
> 84705
         33  |   .0035714   .0129193     0.28   0.783    -.0221953    .02
> 93382
         34  |   -.009088   .0122858    -0.74   0.462    -.0335912    .01
> 54153
         35  |  -.0385767   .0158947    -2.43   0.018    -.0702776   -.00
> 68757
         36  |   .0406841   .0264793     1.54   0.129    -.0121272    .09
> 34955
         40  |  -.0027148   .0153129    -0.18   0.860    -.0332555    .02
> 78259
             |
       _cons |  -.0024685   .0192477    -0.13   0.898    -.0408567    .03
> 59198
-------------------------------------------------------------------------
> -----

. lincom group3-group1;

 ( 1)  - group1 + group3 = 0

-------------------------------------------------------------------------
> -----
        mame | Coefficient  Std. err.      t    P>|t|     [95% conf. inte
> rval]
-------------+-----------------------------------------------------------
> -----
         (1) |   .0629524   .0281812     2.23   0.029     .0067468    .11
> 91581
-------------------------------------------------------------------------
> -----

. ************* Figure 2 *****************************;
. * This is generated in R ***************************;
.         *THIS PRODUCES THE GRAPH SHOWING DISTRIBUTION DIFFERENCES IN PR
> EDICTED AME ACROSS TEAMS;
. twoway (kdensity mame if index==1 [fw=1], kernel(ep) lcolor(red) fcolor
> (red%2) lwidth(medium) bwidth(.03) )
>         (kdensity mame if index==2 [fw=1],kernel(ep) lcolor(green) fcol
> or(green%20) lwidth(medium) bwidth(.03) ) 
>         (kdensity mame if index==3 [fw=1], kernel(ep) lcolor(blue) fcol
> or(blue%2) lwidth(medium) bwidth(.03)) ,
>         legend(pos(6) rows(1)) legend(order(1 "Anti-immigrant teams" 2 
> "Moderate teams" 3 "Pro-immigrant teams"));

. log close;
      name:  <unnamed>
       log:  C:/GitHub/ideology_specification/code/Log Files/05_Expected_
> AME.log
  log type:  text
 closed on:  30 Aug 2025, 10:12:26
-------------------------------------------------------------------------
